15:48:16 **** Incremental Build of configuration Debug for project TASK1 ****
make all 
Building file: ../APP/TASK1_main.c
Invoking: AVR Compiler
avr-gcc -Wall -g2 -gstabs -O0 -fpack-struct -fshort-enums -ffunction-sections -fdata-sections -std=gnu99 -funsigned-char -funsigned-bitfields -mmcu=atmega32 -DF_CPU=16000000UL -MMD -MP -MF"APP/TASK1_main.d" -MT"APP/TASK1_main.o" -c -o "APP/TASK1_main.o" "../APP/TASK1_main.c"
In file included from ../APP/TASK1_main.c:20:
c:/program files/winavr-20100110/lib/gcc/../../avr/include/util/delay.h:90:3: warning: #warning "Compiler optimizations disabled; functions from <util/delay.h> won't work as designed"
../APP/TASK1_main.c: In function 'main':
../APP/TASK1_main.c:58: warning: implicit declaration of function 'SEGMENT_Init'
../APP/TASK1_main.c:65: warning: implicit declaration of function 'SEGMENT_DISPLAY'
../APP/TASK1_main.c:60: warning: unused variable 'value'
Finished building: ../APP/TASK1_main.c
 
Building target: TASK1.elf
Invoking: AVR C Linker
avr-gcc -Wl,-Map,TASK1.map -mmcu=atmega32 -o "TASK1.elf"  ./MCAL/GPIO_DRIVER/GPIO_PROGRAM.o  ./ECUAL/SEVEN-SEGMENT_DRIVER/SEGMENT.o  ./ECUAL/LED_DRIVER/LED.o  ./APP/TASK1_main.o   
Finished building target: TASK1.elf
 
Invoking: AVR Create Extended Listing
avr-objdump -h -S TASK1.elf  >"TASK1.lss"
Finished building: TASK1.lss
 
Create Flash image (ihex format)
avr-objcopy -R .eeprom -R .fuse -R .lock -R .signature -O ihex TASK1.elf  "TASK1.hex"
Finished building: TASK1.hex
 
Create eeprom image (ihex format)
avr-objcopy -j .eeprom --no-change-warnings --change-section-lma .eeprom=0 -O ihex TASK1.elf  "TASK1.eep"
Finished building: TASK1.eep
 
Invoking: Print Size
avr-size --format=avr --mcu=atmega32 TASK1.elf
AVR Memory Usage
----------------
Device: atmega32

Program:    6198 bytes (18.9% Full)
(.text + .data + .bootloader)

Data:          8 bytes (0.4% Full)
(.data + .bss + .noinit)


Finished building: sizedummy
 

15:48:17 Build Finished. 0 errors, 4 warnings. (took 758ms)

